ARM GAS  C:\Users\Dmytro\AppData\Local\Temp\ccSAQC5e.s 			page 1


   1              		.cpu cortex-m0
   2              		.fpu softvfp
   3              		.eabi_attribute 20, 1
   4              		.eabi_attribute 21, 1
   5              		.eabi_attribute 23, 3
   6              		.eabi_attribute 24, 1
   7              		.eabi_attribute 25, 1
   8              		.eabi_attribute 26, 1
   9              		.eabi_attribute 30, 1
  10              		.eabi_attribute 34, 0
  11              		.eabi_attribute 18, 4
  12              		.code	16
  13              		.file	"dc_motor_library.c"
  14              		.text
  15              	.Ltext0:
  16              		.cfi_sections	.debug_frame
  17              		.section	.text.set_register,"ax",%progbits
  18              		.align	2
  19              		.global	set_register
  20              		.code	16
  21              		.thumb_func
  22              		.type	set_register, %function
  23              	set_register:
  24              	.LFB34:
  25              		.file 1 ".\\dc_motor_library.c"
   1:.\dc_motor_library.c **** #include <dc_motor_library.h>
   2:.\dc_motor_library.c **** 
   3:.\dc_motor_library.c **** void set_register(int8 *motor_values)
   4:.\dc_motor_library.c **** {
  26              		.loc 1 4 0
  27              		.cfi_startproc
  28              	.LVL0:
  29 0000 38B5     		push	{r3, r4, r5, lr}
  30              		.cfi_def_cfa_offset 16
  31              		.cfi_offset 3, -16
  32              		.cfi_offset 4, -12
  33              		.cfi_offset 5, -8
  34              		.cfi_offset 14, -4
  35 0002 051C     		mov	r5, r0
  36              	.LVL1:
   5:.\dc_motor_library.c ****     int counter = 7;
  37              		.loc 1 5 0
  38 0004 0724     		mov	r4, #7
   6:.\dc_motor_library.c ****      while (counter>=0)
  39              		.loc 1 6 0
  40 0006 17E0     		b	.L2
  41              	.LVL2:
  42              	.L5:
   7:.\dc_motor_library.c ****      {
   8:.\dc_motor_library.c ****          if (!Clock_Read())
  43              		.loc 1 8 0
  44 0008 FFF7FEFF 		bl	Clock_Read
  45              	.LVL3:
  46 000c 0028     		cmp	r0, #0
  47 000e 0CD1     		bne	.L3
   9:.\dc_motor_library.c ****          {
  10:.\dc_motor_library.c ****             Data_Write(motor_values[counter]);
ARM GAS  C:\Users\Dmytro\AppData\Local\Temp\ccSAQC5e.s 			page 2


  48              		.loc 1 10 0
  49 0010 285D     		ldrb	r0, [r5, r4]
  50 0012 FFF7FEFF 		bl	Data_Write
  51              	.LVL4:
  11:.\dc_motor_library.c ****             Fix_Write(0);
  52              		.loc 1 11 0
  53 0016 0020     		mov	r0, #0
  54 0018 FFF7FEFF 		bl	Fix_Write
  55              	.LVL5:
  12:.\dc_motor_library.c ****             Clock_Write(1);
  56              		.loc 1 12 0
  57 001c 0120     		mov	r0, #1
  58 001e FFF7FEFF 		bl	Clock_Write
  59              	.LVL6:
  13:.\dc_motor_library.c ****             CyDelay(20);
  60              		.loc 1 13 0
  61 0022 1420     		mov	r0, #20
  62 0024 FFF7FEFF 		bl	CyDelay
  63              	.LVL7:
  64 0028 06E0     		b	.L2
  65              	.L3:
  14:.\dc_motor_library.c ****          }
  15:.\dc_motor_library.c ****          else
  16:.\dc_motor_library.c ****          {
  17:.\dc_motor_library.c ****             Clock_Write(0);
  66              		.loc 1 17 0
  67 002a 0020     		mov	r0, #0
  68 002c FFF7FEFF 		bl	Clock_Write
  69              	.LVL8:
  18:.\dc_motor_library.c ****             Fix_Write(1);
  70              		.loc 1 18 0
  71 0030 0120     		mov	r0, #1
  72 0032 FFF7FEFF 		bl	Fix_Write
  73              	.LVL9:
  19:.\dc_motor_library.c ****             counter--;
  74              		.loc 1 19 0
  75 0036 013C     		sub	r4, r4, #1
  76              	.LVL10:
  77              	.L2:
   6:.\dc_motor_library.c ****      {
  78              		.loc 1 6 0
  79 0038 002C     		cmp	r4, #0
  80 003a E5DA     		bge	.L5
  20:.\dc_motor_library.c ****          }
  21:.\dc_motor_library.c ****     }
  22:.\dc_motor_library.c **** }
  81              		.loc 1 22 0
  82              		@ sp needed
  83              	.LVL11:
  84              	.LVL12:
  85 003c 38BD     		pop	{r3, r4, r5, pc}
  86              		.cfi_endproc
  87              	.LFE34:
  88              		.size	set_register, .-set_register
  89 003e C046     		.section	.text.activate_motor,"ax",%progbits
  90              		.align	2
  91              		.global	activate_motor
ARM GAS  C:\Users\Dmytro\AppData\Local\Temp\ccSAQC5e.s 			page 3


  92              		.code	16
  93              		.thumb_func
  94              		.type	activate_motor, %function
  95              	activate_motor:
  96              	.LFB35:
  23:.\dc_motor_library.c **** void activate_motor(int8 **motor,short id,short mode)
  24:.\dc_motor_library.c **** {
  97              		.loc 1 24 0
  98              		.cfi_startproc
  99              	.LVL13:
 100 0000 38B5     		push	{r3, r4, r5, lr}
 101              		.cfi_def_cfa_offset 16
 102              		.cfi_offset 3, -16
 103              		.cfi_offset 4, -12
 104              		.cfi_offset 5, -8
 105              		.cfi_offset 14, -4
 106 0002 051C     		mov	r5, r0
 107 0004 141C     		mov	r4, r2
  25:.\dc_motor_library.c ****     if (id==1)
 108              		.loc 1 25 0
 109 0006 0129     		cmp	r1, #1
 110 0008 0FD1     		bne	.L7
  26:.\dc_motor_library.c ****     {
  27:.\dc_motor_library.c ****         pwm_Write(1);
 111              		.loc 1 27 0
 112 000a 0120     		mov	r0, #1
 113              	.LVL14:
 114 000c FFF7FEFF 		bl	pwm_Write
 115              	.LVL15:
  28:.\dc_motor_library.c ****         switch (mode)
 116              		.loc 1 28 0
 117 0010 002C     		cmp	r4, #0
 118 0012 02D0     		beq	.L9
 119 0014 012C     		cmp	r4, #1
 120 0016 04D0     		beq	.L10
 121 0018 3CE0     		b	.L6
 122              	.L9:
  29:.\dc_motor_library.c ****         {
  30:.\dc_motor_library.c ****             case 0: (*motor)[2] = 1;break;
 123              		.loc 1 30 0
 124 001a 2B68     		ldr	r3, [r5]
 125 001c 0122     		mov	r2, #1
 126 001e 9A70     		strb	r2, [r3, #2]
 127 0020 38E0     		b	.L6
 128              	.L10:
  31:.\dc_motor_library.c ****             case 1: (*motor)[3] = 1;break;
 129              		.loc 1 31 0
 130 0022 2B68     		ldr	r3, [r5]
 131 0024 0122     		mov	r2, #1
 132 0026 DA70     		strb	r2, [r3, #3]
 133 0028 34E0     		b	.L6
 134              	.LVL16:
 135              	.L7:
  32:.\dc_motor_library.c ****         }
  33:.\dc_motor_library.c ****     }
  34:.\dc_motor_library.c ****     else if (id ==2)
 136              		.loc 1 34 0
ARM GAS  C:\Users\Dmytro\AppData\Local\Temp\ccSAQC5e.s 			page 4


 137 002a 0229     		cmp	r1, #2
 138 002c 0FD1     		bne	.L11
  35:.\dc_motor_library.c ****     {
  36:.\dc_motor_library.c ****         pwm2_Write(1);
 139              		.loc 1 36 0
 140 002e 0120     		mov	r0, #1
 141              	.LVL17:
 142 0030 FFF7FEFF 		bl	pwm2_Write
 143              	.LVL18:
  37:.\dc_motor_library.c ****         switch (mode)
 144              		.loc 1 37 0
 145 0034 002C     		cmp	r4, #0
 146 0036 02D0     		beq	.L12
 147 0038 012C     		cmp	r4, #1
 148 003a 04D0     		beq	.L13
 149 003c 2AE0     		b	.L6
 150              	.L12:
  38:.\dc_motor_library.c ****         {   
  39:.\dc_motor_library.c ****             case 0: (*motor)[1] = 1;break;
 151              		.loc 1 39 0
 152 003e 2B68     		ldr	r3, [r5]
 153 0040 0122     		mov	r2, #1
 154 0042 5A70     		strb	r2, [r3, #1]
 155 0044 26E0     		b	.L6
 156              	.L13:
  40:.\dc_motor_library.c ****             case 1: (*motor)[4] = 1;break;
 157              		.loc 1 40 0
 158 0046 2B68     		ldr	r3, [r5]
 159 0048 0122     		mov	r2, #1
 160 004a 1A71     		strb	r2, [r3, #4]
 161 004c 22E0     		b	.L6
 162              	.LVL19:
 163              	.L11:
  41:.\dc_motor_library.c ****         }
  42:.\dc_motor_library.c ****     }
  43:.\dc_motor_library.c ****     else if (id ==3)
 164              		.loc 1 43 0
 165 004e 0329     		cmp	r1, #3
 166 0050 0FD1     		bne	.L14
  44:.\dc_motor_library.c ****     {
  45:.\dc_motor_library.c ****         pwm3_Write(1);
 167              		.loc 1 45 0
 168 0052 0120     		mov	r0, #1
 169              	.LVL20:
 170 0054 FFF7FEFF 		bl	pwm3_Write
 171              	.LVL21:
  46:.\dc_motor_library.c ****         switch (mode)
 172              		.loc 1 46 0
 173 0058 002C     		cmp	r4, #0
 174 005a 02D0     		beq	.L15
 175 005c 012C     		cmp	r4, #1
 176 005e 04D0     		beq	.L16
 177 0060 18E0     		b	.L6
 178              	.L15:
  47:.\dc_motor_library.c ****         {
  48:.\dc_motor_library.c ****             case 0: (*motor)[0] = 1;break;
 179              		.loc 1 48 0
ARM GAS  C:\Users\Dmytro\AppData\Local\Temp\ccSAQC5e.s 			page 5


 180 0062 2B68     		ldr	r3, [r5]
 181 0064 0122     		mov	r2, #1
 182 0066 1A70     		strb	r2, [r3]
 183 0068 14E0     		b	.L6
 184              	.L16:
  49:.\dc_motor_library.c ****             case 1: (*motor)[6] = 1;break;
 185              		.loc 1 49 0
 186 006a 2B68     		ldr	r3, [r5]
 187 006c 0122     		mov	r2, #1
 188 006e 9A71     		strb	r2, [r3, #6]
 189 0070 10E0     		b	.L6
 190              	.LVL22:
 191              	.L14:
  50:.\dc_motor_library.c ****         }
  51:.\dc_motor_library.c ****     }
  52:.\dc_motor_library.c ****     else if (id==4)
 192              		.loc 1 52 0
 193 0072 0429     		cmp	r1, #4
 194 0074 0ED1     		bne	.L6
  53:.\dc_motor_library.c ****     {
  54:.\dc_motor_library.c ****         pwm4_Write(1);
 195              		.loc 1 54 0
 196 0076 0120     		mov	r0, #1
 197              	.LVL23:
 198 0078 FFF7FEFF 		bl	pwm4_Write
 199              	.LVL24:
  55:.\dc_motor_library.c ****         switch(mode)
 200              		.loc 1 55 0
 201 007c 002C     		cmp	r4, #0
 202 007e 02D0     		beq	.L17
 203 0080 012C     		cmp	r4, #1
 204 0082 04D0     		beq	.L18
 205 0084 06E0     		b	.L6
 206              	.L17:
  56:.\dc_motor_library.c ****         {
  57:.\dc_motor_library.c ****             case 0: (*motor)[5] = 1;break;
 207              		.loc 1 57 0
 208 0086 2B68     		ldr	r3, [r5]
 209 0088 0122     		mov	r2, #1
 210 008a 5A71     		strb	r2, [r3, #5]
 211 008c 02E0     		b	.L6
 212              	.L18:
  58:.\dc_motor_library.c ****             case 1: (*motor)[7] = 1;break;
 213              		.loc 1 58 0
 214 008e 2B68     		ldr	r3, [r5]
 215 0090 0122     		mov	r2, #1
 216 0092 DA71     		strb	r2, [r3, #7]
 217              	.L6:
  59:.\dc_motor_library.c ****         }
  60:.\dc_motor_library.c ****     }
  61:.\dc_motor_library.c ****     return;
  62:.\dc_motor_library.c **** }
 218              		.loc 1 62 0
 219              		@ sp needed
 220              	.LVL25:
 221 0094 38BD     		pop	{r3, r4, r5, pc}
 222              		.cfi_endproc
ARM GAS  C:\Users\Dmytro\AppData\Local\Temp\ccSAQC5e.s 			page 6


 223              	.LFE35:
 224              		.size	activate_motor, .-activate_motor
 225 0096 C046     		.section	.text.clear_motor_register,"ax",%progbits
 226              		.align	2
 227              		.global	clear_motor_register
 228              		.code	16
 229              		.thumb_func
 230              		.type	clear_motor_register, %function
 231              	clear_motor_register:
 232              	.LFB36:
  63:.\dc_motor_library.c **** 
  64:.\dc_motor_library.c **** void clear_motor_register(int8 *motor)
  65:.\dc_motor_library.c **** {
 233              		.loc 1 65 0
 234              		.cfi_startproc
 235              	.LVL26:
 236 0000 38B5     		push	{r3, r4, r5, lr}
 237              		.cfi_def_cfa_offset 16
 238              		.cfi_offset 3, -16
 239              		.cfi_offset 4, -12
 240              		.cfi_offset 5, -8
 241              		.cfi_offset 14, -4
 242 0002 051C     		mov	r5, r0
 243              	.LVL27:
  66:.\dc_motor_library.c ****     int8 counter = 7;
 244              		.loc 1 66 0
 245 0004 0724     		mov	r4, #7
  67:.\dc_motor_library.c ****      while (counter!=0)
 246              		.loc 1 67 0
 247 0006 19E0     		b	.L20
 248              	.LVL28:
 249              	.L23:
  68:.\dc_motor_library.c ****      {
  69:.\dc_motor_library.c ****          if (!Clock_Read())
 250              		.loc 1 69 0
 251 0008 FFF7FEFF 		bl	Clock_Read
 252              	.LVL29:
 253 000c 0028     		cmp	r0, #0
 254 000e 0DD1     		bne	.L21
  70:.\dc_motor_library.c ****          {
  71:.\dc_motor_library.c ****             Data_Write(motor[counter]);
 255              		.loc 1 71 0
 256 0010 63B2     		sxtb	r3, r4
 257 0012 E85C     		ldrb	r0, [r5, r3]
 258 0014 FFF7FEFF 		bl	Data_Write
 259              	.LVL30:
  72:.\dc_motor_library.c ****             Fix_Write(0);
 260              		.loc 1 72 0
 261 0018 0020     		mov	r0, #0
 262 001a FFF7FEFF 		bl	Fix_Write
 263              	.LVL31:
  73:.\dc_motor_library.c ****             Clock_Write(1);
 264              		.loc 1 73 0
 265 001e 0120     		mov	r0, #1
 266 0020 FFF7FEFF 		bl	Clock_Write
 267              	.LVL32:
  74:.\dc_motor_library.c ****             CyDelay(20);
ARM GAS  C:\Users\Dmytro\AppData\Local\Temp\ccSAQC5e.s 			page 7


 268              		.loc 1 74 0
 269 0024 1420     		mov	r0, #20
 270 0026 FFF7FEFF 		bl	CyDelay
 271              	.LVL33:
 272 002a 07E0     		b	.L20
 273              	.L21:
  75:.\dc_motor_library.c ****          }
  76:.\dc_motor_library.c ****          else
  77:.\dc_motor_library.c ****          {
  78:.\dc_motor_library.c ****             Clock_Write(0);
 274              		.loc 1 78 0
 275 002c 0020     		mov	r0, #0
 276 002e FFF7FEFF 		bl	Clock_Write
 277              	.LVL34:
  79:.\dc_motor_library.c ****             Fix_Write(1);
 278              		.loc 1 79 0
 279 0032 0120     		mov	r0, #1
 280 0034 FFF7FEFF 		bl	Fix_Write
 281              	.LVL35:
  80:.\dc_motor_library.c ****             counter--;
 282              		.loc 1 80 0
 283 0038 013C     		sub	r4, r4, #1
 284              	.LVL36:
 285 003a E4B2     		uxtb	r4, r4
 286              	.LVL37:
 287              	.L20:
  67:.\dc_motor_library.c ****      {
 288              		.loc 1 67 0
 289 003c 002C     		cmp	r4, #0
 290 003e E3D1     		bne	.L23
  81:.\dc_motor_library.c ****          }
  82:.\dc_motor_library.c ****     }
  83:.\dc_motor_library.c ****     return;
  84:.\dc_motor_library.c **** }
 291              		.loc 1 84 0
 292              		@ sp needed
 293              	.LVL38:
 294              	.LVL39:
 295 0040 38BD     		pop	{r3, r4, r5, pc}
 296              		.cfi_endproc
 297              	.LFE36:
 298              		.size	clear_motor_register, .-clear_motor_register
 299              		.text
 300              	.Letext0:
 301              		.file 2 "Generated_Source\\PSoC4/cytypes.h"
 302              		.file 3 "Generated_Source\\PSoC4/Data.h"
 303              		.file 4 "Generated_Source\\PSoC4/Fix.h"
 304              		.file 5 "Generated_Source\\PSoC4/Clock.h"
 305              		.file 6 "Generated_Source\\PSoC4/CyLib.h"
 306              		.file 7 "Generated_Source\\PSoC4/pwm.h"
 307              		.file 8 "Generated_Source\\PSoC4/pwm2.h"
 308              		.file 9 "Generated_Source\\PSoC4/pwm3.h"
 309              		.file 10 "Generated_Source\\PSoC4/pwm4.h"
 310              		.section	.debug_info,"",%progbits
 311              	.Ldebug_info0:
 312 0000 0F030000 		.4byte	0x30f
 313 0004 0400     		.2byte	0x4
ARM GAS  C:\Users\Dmytro\AppData\Local\Temp\ccSAQC5e.s 			page 8


 314 0006 00000000 		.4byte	.Ldebug_abbrev0
 315 000a 04       		.byte	0x4
 316 000b 01       		.uleb128 0x1
 317 000c 82010000 		.4byte	.LASF30
 318 0010 01       		.byte	0x1
 319 0011 5B000000 		.4byte	.LASF31
 320 0015 1C010000 		.4byte	.LASF32
 321 0019 00000000 		.4byte	.Ldebug_ranges0+0
 322 001d 00000000 		.4byte	0
 323 0021 00000000 		.4byte	.Ldebug_line0
 324 0025 02       		.uleb128 0x2
 325 0026 01       		.byte	0x1
 326 0027 06       		.byte	0x6
 327 0028 2F020000 		.4byte	.LASF0
 328 002c 02       		.uleb128 0x2
 329 002d 01       		.byte	0x1
 330 002e 08       		.byte	0x8
 331 002f 7E000000 		.4byte	.LASF1
 332 0033 02       		.uleb128 0x2
 333 0034 02       		.byte	0x2
 334 0035 05       		.byte	0x5
 335 0036 C0000000 		.4byte	.LASF2
 336 003a 02       		.uleb128 0x2
 337 003b 02       		.byte	0x2
 338 003c 07       		.byte	0x7
 339 003d 24000000 		.4byte	.LASF3
 340 0041 02       		.uleb128 0x2
 341 0042 04       		.byte	0x4
 342 0043 05       		.byte	0x5
 343 0044 26020000 		.4byte	.LASF4
 344 0048 02       		.uleb128 0x2
 345 0049 04       		.byte	0x4
 346 004a 07       		.byte	0x7
 347 004b 8C000000 		.4byte	.LASF5
 348 004f 02       		.uleb128 0x2
 349 0050 08       		.byte	0x8
 350 0051 05       		.byte	0x5
 351 0052 64010000 		.4byte	.LASF6
 352 0056 02       		.uleb128 0x2
 353 0057 08       		.byte	0x8
 354 0058 07       		.byte	0x7
 355 0059 ED000000 		.4byte	.LASF7
 356 005d 03       		.uleb128 0x3
 357 005e 04       		.byte	0x4
 358 005f 05       		.byte	0x5
 359 0060 696E7400 		.ascii	"int\000"
 360 0064 02       		.uleb128 0x2
 361 0065 04       		.byte	0x4
 362 0066 07       		.byte	0x7
 363 0067 E0000000 		.4byte	.LASF8
 364 006b 04       		.uleb128 0x4
 365 006c 9E000000 		.4byte	.LASF9
 366 0070 02       		.byte	0x2
 367 0071 9801     		.2byte	0x198
 368 0073 2C000000 		.4byte	0x2c
 369 0077 04       		.uleb128 0x4
 370 0078 CF000000 		.4byte	.LASF10
ARM GAS  C:\Users\Dmytro\AppData\Local\Temp\ccSAQC5e.s 			page 9


 371 007c 02       		.byte	0x2
 372 007d 9A01     		.2byte	0x19a
 373 007f 48000000 		.4byte	0x48
 374 0083 04       		.uleb128 0x4
 375 0084 CA000000 		.4byte	.LASF11
 376 0088 02       		.byte	0x2
 377 0089 9B01     		.2byte	0x19b
 378 008b 25000000 		.4byte	0x25
 379 008f 02       		.uleb128 0x2
 380 0090 04       		.byte	0x4
 381 0091 04       		.byte	0x4
 382 0092 70000000 		.4byte	.LASF12
 383 0096 02       		.uleb128 0x2
 384 0097 08       		.byte	0x8
 385 0098 04       		.byte	0x4
 386 0099 A4000000 		.4byte	.LASF13
 387 009d 02       		.uleb128 0x2
 388 009e 01       		.byte	0x1
 389 009f 08       		.byte	0x8
 390 00a0 72010000 		.4byte	.LASF14
 391 00a4 02       		.uleb128 0x2
 392 00a5 04       		.byte	0x4
 393 00a6 07       		.byte	0x7
 394 00a7 5B010000 		.4byte	.LASF15
 395 00ab 05       		.uleb128 0x5
 396 00ac 00000000 		.4byte	.LASF16
 397 00b0 01       		.byte	0x1
 398 00b1 03       		.byte	0x3
 399 00b2 00000000 		.4byte	.LFB34
 400 00b6 3E000000 		.4byte	.LFE34-.LFB34
 401 00ba 01       		.uleb128 0x1
 402 00bb 9C       		.byte	0x9c
 403 00bc 4C010000 		.4byte	0x14c
 404 00c0 06       		.uleb128 0x6
 405 00c1 09010000 		.4byte	.LASF18
 406 00c5 01       		.byte	0x1
 407 00c6 03       		.byte	0x3
 408 00c7 4C010000 		.4byte	0x14c
 409 00cb 00000000 		.4byte	.LLST0
 410 00cf 07       		.uleb128 0x7
 411 00d0 76000000 		.4byte	.LASF22
 412 00d4 01       		.byte	0x1
 413 00d5 05       		.byte	0x5
 414 00d6 5D000000 		.4byte	0x5d
 415 00da 2C000000 		.4byte	.LLST1
 416 00de 08       		.uleb128 0x8
 417 00df 0C000000 		.4byte	.LVL3
 418 00e3 83020000 		.4byte	0x283
 419 00e7 08       		.uleb128 0x8
 420 00e8 16000000 		.4byte	.LVL4
 421 00ec 8E020000 		.4byte	0x28e
 422 00f0 09       		.uleb128 0x9
 423 00f1 1C000000 		.4byte	.LVL5
 424 00f5 9F020000 		.4byte	0x29f
 425 00f9 03010000 		.4byte	0x103
 426 00fd 0A       		.uleb128 0xa
 427 00fe 01       		.uleb128 0x1
ARM GAS  C:\Users\Dmytro\AppData\Local\Temp\ccSAQC5e.s 			page 10


 428 00ff 50       		.byte	0x50
 429 0100 01       		.uleb128 0x1
 430 0101 30       		.byte	0x30
 431 0102 00       		.byte	0
 432 0103 09       		.uleb128 0x9
 433 0104 22000000 		.4byte	.LVL6
 434 0108 B0020000 		.4byte	0x2b0
 435 010c 16010000 		.4byte	0x116
 436 0110 0A       		.uleb128 0xa
 437 0111 01       		.uleb128 0x1
 438 0112 50       		.byte	0x50
 439 0113 01       		.uleb128 0x1
 440 0114 31       		.byte	0x31
 441 0115 00       		.byte	0
 442 0116 09       		.uleb128 0x9
 443 0117 28000000 		.4byte	.LVL7
 444 011b C1020000 		.4byte	0x2c1
 445 011f 29010000 		.4byte	0x129
 446 0123 0A       		.uleb128 0xa
 447 0124 01       		.uleb128 0x1
 448 0125 50       		.byte	0x50
 449 0126 01       		.uleb128 0x1
 450 0127 44       		.byte	0x44
 451 0128 00       		.byte	0
 452 0129 09       		.uleb128 0x9
 453 012a 30000000 		.4byte	.LVL8
 454 012e B0020000 		.4byte	0x2b0
 455 0132 3C010000 		.4byte	0x13c
 456 0136 0A       		.uleb128 0xa
 457 0137 01       		.uleb128 0x1
 458 0138 50       		.byte	0x50
 459 0139 01       		.uleb128 0x1
 460 013a 30       		.byte	0x30
 461 013b 00       		.byte	0
 462 013c 0B       		.uleb128 0xb
 463 013d 36000000 		.4byte	.LVL9
 464 0141 9F020000 		.4byte	0x29f
 465 0145 0A       		.uleb128 0xa
 466 0146 01       		.uleb128 0x1
 467 0147 50       		.byte	0x50
 468 0148 01       		.uleb128 0x1
 469 0149 31       		.byte	0x31
 470 014a 00       		.byte	0
 471 014b 00       		.byte	0
 472 014c 0C       		.uleb128 0xc
 473 014d 04       		.byte	0x4
 474 014e 83000000 		.4byte	0x83
 475 0152 05       		.uleb128 0x5
 476 0153 4C000000 		.4byte	.LASF17
 477 0157 01       		.byte	0x1
 478 0158 17       		.byte	0x17
 479 0159 00000000 		.4byte	.LFB35
 480 015d 96000000 		.4byte	.LFE35-.LFB35
 481 0161 01       		.uleb128 0x1
 482 0162 9C       		.byte	0x9c
 483 0163 DC010000 		.4byte	0x1dc
 484 0167 06       		.uleb128 0x6
ARM GAS  C:\Users\Dmytro\AppData\Local\Temp\ccSAQC5e.s 			page 11


 485 0168 16010000 		.4byte	.LASF19
 486 016c 01       		.byte	0x1
 487 016d 17       		.byte	0x17
 488 016e DC010000 		.4byte	0x1dc
 489 0172 4B000000 		.4byte	.LLST2
 490 0176 0D       		.uleb128 0xd
 491 0177 696400   		.ascii	"id\000"
 492 017a 01       		.byte	0x1
 493 017b 17       		.byte	0x17
 494 017c 33000000 		.4byte	0x33
 495 0180 B9000000 		.4byte	.LLST3
 496 0184 06       		.uleb128 0x6
 497 0185 04010000 		.4byte	.LASF20
 498 0189 01       		.byte	0x1
 499 018a 17       		.byte	0x17
 500 018b 33000000 		.4byte	0x33
 501 018f 25010000 		.4byte	.LLST4
 502 0193 09       		.uleb128 0x9
 503 0194 10000000 		.4byte	.LVL15
 504 0198 D2020000 		.4byte	0x2d2
 505 019c A6010000 		.4byte	0x1a6
 506 01a0 0A       		.uleb128 0xa
 507 01a1 01       		.uleb128 0x1
 508 01a2 50       		.byte	0x50
 509 01a3 01       		.uleb128 0x1
 510 01a4 31       		.byte	0x31
 511 01a5 00       		.byte	0
 512 01a6 09       		.uleb128 0x9
 513 01a7 34000000 		.4byte	.LVL18
 514 01ab E3020000 		.4byte	0x2e3
 515 01af B9010000 		.4byte	0x1b9
 516 01b3 0A       		.uleb128 0xa
 517 01b4 01       		.uleb128 0x1
 518 01b5 50       		.byte	0x50
 519 01b6 01       		.uleb128 0x1
 520 01b7 31       		.byte	0x31
 521 01b8 00       		.byte	0
 522 01b9 09       		.uleb128 0x9
 523 01ba 58000000 		.4byte	.LVL21
 524 01be F4020000 		.4byte	0x2f4
 525 01c2 CC010000 		.4byte	0x1cc
 526 01c6 0A       		.uleb128 0xa
 527 01c7 01       		.uleb128 0x1
 528 01c8 50       		.byte	0x50
 529 01c9 01       		.uleb128 0x1
 530 01ca 31       		.byte	0x31
 531 01cb 00       		.byte	0
 532 01cc 0B       		.uleb128 0xb
 533 01cd 7C000000 		.4byte	.LVL24
 534 01d1 05030000 		.4byte	0x305
 535 01d5 0A       		.uleb128 0xa
 536 01d6 01       		.uleb128 0x1
 537 01d7 50       		.byte	0x50
 538 01d8 01       		.uleb128 0x1
 539 01d9 31       		.byte	0x31
 540 01da 00       		.byte	0
 541 01db 00       		.byte	0
ARM GAS  C:\Users\Dmytro\AppData\Local\Temp\ccSAQC5e.s 			page 12


 542 01dc 0C       		.uleb128 0xc
 543 01dd 04       		.byte	0x4
 544 01de 4C010000 		.4byte	0x14c
 545 01e2 05       		.uleb128 0x5
 546 01e3 AB000000 		.4byte	.LASF21
 547 01e7 01       		.byte	0x1
 548 01e8 40       		.byte	0x40
 549 01e9 00000000 		.4byte	.LFB36
 550 01ed 42000000 		.4byte	.LFE36-.LFB36
 551 01f1 01       		.uleb128 0x1
 552 01f2 9C       		.byte	0x9c
 553 01f3 83020000 		.4byte	0x283
 554 01f7 06       		.uleb128 0x6
 555 01f8 16010000 		.4byte	.LASF19
 556 01fc 01       		.byte	0x1
 557 01fd 40       		.byte	0x40
 558 01fe 4C010000 		.4byte	0x14c
 559 0202 91010000 		.4byte	.LLST5
 560 0206 07       		.uleb128 0x7
 561 0207 76000000 		.4byte	.LASF22
 562 020b 01       		.byte	0x1
 563 020c 42       		.byte	0x42
 564 020d 83000000 		.4byte	0x83
 565 0211 BD010000 		.4byte	.LLST6
 566 0215 08       		.uleb128 0x8
 567 0216 0C000000 		.4byte	.LVL29
 568 021a 83020000 		.4byte	0x283
 569 021e 08       		.uleb128 0x8
 570 021f 18000000 		.4byte	.LVL30
 571 0223 8E020000 		.4byte	0x28e
 572 0227 09       		.uleb128 0x9
 573 0228 1E000000 		.4byte	.LVL31
 574 022c 9F020000 		.4byte	0x29f
 575 0230 3A020000 		.4byte	0x23a
 576 0234 0A       		.uleb128 0xa
 577 0235 01       		.uleb128 0x1
 578 0236 50       		.byte	0x50
 579 0237 01       		.uleb128 0x1
 580 0238 30       		.byte	0x30
 581 0239 00       		.byte	0
 582 023a 09       		.uleb128 0x9
 583 023b 24000000 		.4byte	.LVL32
 584 023f B0020000 		.4byte	0x2b0
 585 0243 4D020000 		.4byte	0x24d
 586 0247 0A       		.uleb128 0xa
 587 0248 01       		.uleb128 0x1
 588 0249 50       		.byte	0x50
 589 024a 01       		.uleb128 0x1
 590 024b 31       		.byte	0x31
 591 024c 00       		.byte	0
 592 024d 09       		.uleb128 0x9
 593 024e 2A000000 		.4byte	.LVL33
 594 0252 C1020000 		.4byte	0x2c1
 595 0256 60020000 		.4byte	0x260
 596 025a 0A       		.uleb128 0xa
 597 025b 01       		.uleb128 0x1
 598 025c 50       		.byte	0x50
ARM GAS  C:\Users\Dmytro\AppData\Local\Temp\ccSAQC5e.s 			page 13


 599 025d 01       		.uleb128 0x1
 600 025e 44       		.byte	0x44
 601 025f 00       		.byte	0
 602 0260 09       		.uleb128 0x9
 603 0261 32000000 		.4byte	.LVL34
 604 0265 B0020000 		.4byte	0x2b0
 605 0269 73020000 		.4byte	0x273
 606 026d 0A       		.uleb128 0xa
 607 026e 01       		.uleb128 0x1
 608 026f 50       		.byte	0x50
 609 0270 01       		.uleb128 0x1
 610 0271 30       		.byte	0x30
 611 0272 00       		.byte	0
 612 0273 0B       		.uleb128 0xb
 613 0274 38000000 		.4byte	.LVL35
 614 0278 9F020000 		.4byte	0x29f
 615 027c 0A       		.uleb128 0xa
 616 027d 01       		.uleb128 0x1
 617 027e 50       		.byte	0x50
 618 027f 01       		.uleb128 0x1
 619 0280 31       		.byte	0x31
 620 0281 00       		.byte	0
 621 0282 00       		.byte	0
 622 0283 0E       		.uleb128 0xe
 623 0284 41000000 		.4byte	.LASF33
 624 0288 05       		.byte	0x5
 625 0289 32       		.byte	0x32
 626 028a 6B000000 		.4byte	0x6b
 627 028e 0F       		.uleb128 0xf
 628 028f 0D000000 		.4byte	.LASF23
 629 0293 03       		.byte	0x3
 630 0294 33       		.byte	0x33
 631 0295 9F020000 		.4byte	0x29f
 632 0299 10       		.uleb128 0x10
 633 029a 6B000000 		.4byte	0x6b
 634 029e 00       		.byte	0
 635 029f 0F       		.uleb128 0xf
 636 02a0 D6000000 		.4byte	.LASF24
 637 02a4 04       		.byte	0x4
 638 02a5 33       		.byte	0x33
 639 02a6 B0020000 		.4byte	0x2b0
 640 02aa 10       		.uleb128 0x10
 641 02ab 6B000000 		.4byte	0x6b
 642 02af 00       		.byte	0
 643 02b0 0F       		.uleb128 0xf
 644 02b1 18000000 		.4byte	.LASF25
 645 02b5 05       		.byte	0x5
 646 02b6 33       		.byte	0x33
 647 02b7 C1020000 		.4byte	0x2c1
 648 02bb 10       		.uleb128 0x10
 649 02bc 6B000000 		.4byte	0x6b
 650 02c0 00       		.byte	0
 651 02c1 0F       		.uleb128 0xf
 652 02c2 3B020000 		.4byte	.LASF26
 653 02c6 06       		.byte	0x6
 654 02c7 D7       		.byte	0xd7
 655 02c8 D2020000 		.4byte	0x2d2
ARM GAS  C:\Users\Dmytro\AppData\Local\Temp\ccSAQC5e.s 			page 14


 656 02cc 10       		.uleb128 0x10
 657 02cd 77000000 		.4byte	0x77
 658 02d1 00       		.byte	0
 659 02d2 0F       		.uleb128 0xf
 660 02d3 37000000 		.4byte	.LASF27
 661 02d7 07       		.byte	0x7
 662 02d8 33       		.byte	0x33
 663 02d9 E3020000 		.4byte	0x2e3
 664 02dd 10       		.uleb128 0x10
 665 02de 6B000000 		.4byte	0x6b
 666 02e2 00       		.byte	0
 667 02e3 0F       		.uleb128 0xf
 668 02e4 10020000 		.4byte	.LASF28
 669 02e8 08       		.byte	0x8
 670 02e9 33       		.byte	0x33
 671 02ea F4020000 		.4byte	0x2f4
 672 02ee 10       		.uleb128 0x10
 673 02ef 6B000000 		.4byte	0x6b
 674 02f3 00       		.byte	0
 675 02f4 0F       		.uleb128 0xf
 676 02f5 77010000 		.4byte	.LASF29
 677 02f9 09       		.byte	0x9
 678 02fa 33       		.byte	0x33
 679 02fb 05030000 		.4byte	0x305
 680 02ff 10       		.uleb128 0x10
 681 0300 6B000000 		.4byte	0x6b
 682 0304 00       		.byte	0
 683 0305 11       		.uleb128 0x11
 684 0306 1B020000 		.4byte	.LASF34
 685 030a 0A       		.byte	0xa
 686 030b 33       		.byte	0x33
 687 030c 10       		.uleb128 0x10
 688 030d 6B000000 		.4byte	0x6b
 689 0311 00       		.byte	0
 690 0312 00       		.byte	0
 691              		.section	.debug_abbrev,"",%progbits
 692              	.Ldebug_abbrev0:
 693 0000 01       		.uleb128 0x1
 694 0001 11       		.uleb128 0x11
 695 0002 01       		.byte	0x1
 696 0003 25       		.uleb128 0x25
 697 0004 0E       		.uleb128 0xe
 698 0005 13       		.uleb128 0x13
 699 0006 0B       		.uleb128 0xb
 700 0007 03       		.uleb128 0x3
 701 0008 0E       		.uleb128 0xe
 702 0009 1B       		.uleb128 0x1b
 703 000a 0E       		.uleb128 0xe
 704 000b 55       		.uleb128 0x55
 705 000c 17       		.uleb128 0x17
 706 000d 11       		.uleb128 0x11
 707 000e 01       		.uleb128 0x1
 708 000f 10       		.uleb128 0x10
 709 0010 17       		.uleb128 0x17
 710 0011 00       		.byte	0
 711 0012 00       		.byte	0
 712 0013 02       		.uleb128 0x2
ARM GAS  C:\Users\Dmytro\AppData\Local\Temp\ccSAQC5e.s 			page 15


 713 0014 24       		.uleb128 0x24
 714 0015 00       		.byte	0
 715 0016 0B       		.uleb128 0xb
 716 0017 0B       		.uleb128 0xb
 717 0018 3E       		.uleb128 0x3e
 718 0019 0B       		.uleb128 0xb
 719 001a 03       		.uleb128 0x3
 720 001b 0E       		.uleb128 0xe
 721 001c 00       		.byte	0
 722 001d 00       		.byte	0
 723 001e 03       		.uleb128 0x3
 724 001f 24       		.uleb128 0x24
 725 0020 00       		.byte	0
 726 0021 0B       		.uleb128 0xb
 727 0022 0B       		.uleb128 0xb
 728 0023 3E       		.uleb128 0x3e
 729 0024 0B       		.uleb128 0xb
 730 0025 03       		.uleb128 0x3
 731 0026 08       		.uleb128 0x8
 732 0027 00       		.byte	0
 733 0028 00       		.byte	0
 734 0029 04       		.uleb128 0x4
 735 002a 16       		.uleb128 0x16
 736 002b 00       		.byte	0
 737 002c 03       		.uleb128 0x3
 738 002d 0E       		.uleb128 0xe
 739 002e 3A       		.uleb128 0x3a
 740 002f 0B       		.uleb128 0xb
 741 0030 3B       		.uleb128 0x3b
 742 0031 05       		.uleb128 0x5
 743 0032 49       		.uleb128 0x49
 744 0033 13       		.uleb128 0x13
 745 0034 00       		.byte	0
 746 0035 00       		.byte	0
 747 0036 05       		.uleb128 0x5
 748 0037 2E       		.uleb128 0x2e
 749 0038 01       		.byte	0x1
 750 0039 3F       		.uleb128 0x3f
 751 003a 19       		.uleb128 0x19
 752 003b 03       		.uleb128 0x3
 753 003c 0E       		.uleb128 0xe
 754 003d 3A       		.uleb128 0x3a
 755 003e 0B       		.uleb128 0xb
 756 003f 3B       		.uleb128 0x3b
 757 0040 0B       		.uleb128 0xb
 758 0041 27       		.uleb128 0x27
 759 0042 19       		.uleb128 0x19
 760 0043 11       		.uleb128 0x11
 761 0044 01       		.uleb128 0x1
 762 0045 12       		.uleb128 0x12
 763 0046 06       		.uleb128 0x6
 764 0047 40       		.uleb128 0x40
 765 0048 18       		.uleb128 0x18
 766 0049 9742     		.uleb128 0x2117
 767 004b 19       		.uleb128 0x19
 768 004c 01       		.uleb128 0x1
 769 004d 13       		.uleb128 0x13
ARM GAS  C:\Users\Dmytro\AppData\Local\Temp\ccSAQC5e.s 			page 16


 770 004e 00       		.byte	0
 771 004f 00       		.byte	0
 772 0050 06       		.uleb128 0x6
 773 0051 05       		.uleb128 0x5
 774 0052 00       		.byte	0
 775 0053 03       		.uleb128 0x3
 776 0054 0E       		.uleb128 0xe
 777 0055 3A       		.uleb128 0x3a
 778 0056 0B       		.uleb128 0xb
 779 0057 3B       		.uleb128 0x3b
 780 0058 0B       		.uleb128 0xb
 781 0059 49       		.uleb128 0x49
 782 005a 13       		.uleb128 0x13
 783 005b 02       		.uleb128 0x2
 784 005c 17       		.uleb128 0x17
 785 005d 00       		.byte	0
 786 005e 00       		.byte	0
 787 005f 07       		.uleb128 0x7
 788 0060 34       		.uleb128 0x34
 789 0061 00       		.byte	0
 790 0062 03       		.uleb128 0x3
 791 0063 0E       		.uleb128 0xe
 792 0064 3A       		.uleb128 0x3a
 793 0065 0B       		.uleb128 0xb
 794 0066 3B       		.uleb128 0x3b
 795 0067 0B       		.uleb128 0xb
 796 0068 49       		.uleb128 0x49
 797 0069 13       		.uleb128 0x13
 798 006a 02       		.uleb128 0x2
 799 006b 17       		.uleb128 0x17
 800 006c 00       		.byte	0
 801 006d 00       		.byte	0
 802 006e 08       		.uleb128 0x8
 803 006f 898201   		.uleb128 0x4109
 804 0072 00       		.byte	0
 805 0073 11       		.uleb128 0x11
 806 0074 01       		.uleb128 0x1
 807 0075 31       		.uleb128 0x31
 808 0076 13       		.uleb128 0x13
 809 0077 00       		.byte	0
 810 0078 00       		.byte	0
 811 0079 09       		.uleb128 0x9
 812 007a 898201   		.uleb128 0x4109
 813 007d 01       		.byte	0x1
 814 007e 11       		.uleb128 0x11
 815 007f 01       		.uleb128 0x1
 816 0080 31       		.uleb128 0x31
 817 0081 13       		.uleb128 0x13
 818 0082 01       		.uleb128 0x1
 819 0083 13       		.uleb128 0x13
 820 0084 00       		.byte	0
 821 0085 00       		.byte	0
 822 0086 0A       		.uleb128 0xa
 823 0087 8A8201   		.uleb128 0x410a
 824 008a 00       		.byte	0
 825 008b 02       		.uleb128 0x2
 826 008c 18       		.uleb128 0x18
ARM GAS  C:\Users\Dmytro\AppData\Local\Temp\ccSAQC5e.s 			page 17


 827 008d 9142     		.uleb128 0x2111
 828 008f 18       		.uleb128 0x18
 829 0090 00       		.byte	0
 830 0091 00       		.byte	0
 831 0092 0B       		.uleb128 0xb
 832 0093 898201   		.uleb128 0x4109
 833 0096 01       		.byte	0x1
 834 0097 11       		.uleb128 0x11
 835 0098 01       		.uleb128 0x1
 836 0099 31       		.uleb128 0x31
 837 009a 13       		.uleb128 0x13
 838 009b 00       		.byte	0
 839 009c 00       		.byte	0
 840 009d 0C       		.uleb128 0xc
 841 009e 0F       		.uleb128 0xf
 842 009f 00       		.byte	0
 843 00a0 0B       		.uleb128 0xb
 844 00a1 0B       		.uleb128 0xb
 845 00a2 49       		.uleb128 0x49
 846 00a3 13       		.uleb128 0x13
 847 00a4 00       		.byte	0
 848 00a5 00       		.byte	0
 849 00a6 0D       		.uleb128 0xd
 850 00a7 05       		.uleb128 0x5
 851 00a8 00       		.byte	0
 852 00a9 03       		.uleb128 0x3
 853 00aa 08       		.uleb128 0x8
 854 00ab 3A       		.uleb128 0x3a
 855 00ac 0B       		.uleb128 0xb
 856 00ad 3B       		.uleb128 0x3b
 857 00ae 0B       		.uleb128 0xb
 858 00af 49       		.uleb128 0x49
 859 00b0 13       		.uleb128 0x13
 860 00b1 02       		.uleb128 0x2
 861 00b2 17       		.uleb128 0x17
 862 00b3 00       		.byte	0
 863 00b4 00       		.byte	0
 864 00b5 0E       		.uleb128 0xe
 865 00b6 2E       		.uleb128 0x2e
 866 00b7 00       		.byte	0
 867 00b8 3F       		.uleb128 0x3f
 868 00b9 19       		.uleb128 0x19
 869 00ba 03       		.uleb128 0x3
 870 00bb 0E       		.uleb128 0xe
 871 00bc 3A       		.uleb128 0x3a
 872 00bd 0B       		.uleb128 0xb
 873 00be 3B       		.uleb128 0x3b
 874 00bf 0B       		.uleb128 0xb
 875 00c0 27       		.uleb128 0x27
 876 00c1 19       		.uleb128 0x19
 877 00c2 49       		.uleb128 0x49
 878 00c3 13       		.uleb128 0x13
 879 00c4 3C       		.uleb128 0x3c
 880 00c5 19       		.uleb128 0x19
 881 00c6 00       		.byte	0
 882 00c7 00       		.byte	0
 883 00c8 0F       		.uleb128 0xf
ARM GAS  C:\Users\Dmytro\AppData\Local\Temp\ccSAQC5e.s 			page 18


 884 00c9 2E       		.uleb128 0x2e
 885 00ca 01       		.byte	0x1
 886 00cb 3F       		.uleb128 0x3f
 887 00cc 19       		.uleb128 0x19
 888 00cd 03       		.uleb128 0x3
 889 00ce 0E       		.uleb128 0xe
 890 00cf 3A       		.uleb128 0x3a
 891 00d0 0B       		.uleb128 0xb
 892 00d1 3B       		.uleb128 0x3b
 893 00d2 0B       		.uleb128 0xb
 894 00d3 27       		.uleb128 0x27
 895 00d4 19       		.uleb128 0x19
 896 00d5 3C       		.uleb128 0x3c
 897 00d6 19       		.uleb128 0x19
 898 00d7 01       		.uleb128 0x1
 899 00d8 13       		.uleb128 0x13
 900 00d9 00       		.byte	0
 901 00da 00       		.byte	0
 902 00db 10       		.uleb128 0x10
 903 00dc 05       		.uleb128 0x5
 904 00dd 00       		.byte	0
 905 00de 49       		.uleb128 0x49
 906 00df 13       		.uleb128 0x13
 907 00e0 00       		.byte	0
 908 00e1 00       		.byte	0
 909 00e2 11       		.uleb128 0x11
 910 00e3 2E       		.uleb128 0x2e
 911 00e4 01       		.byte	0x1
 912 00e5 3F       		.uleb128 0x3f
 913 00e6 19       		.uleb128 0x19
 914 00e7 03       		.uleb128 0x3
 915 00e8 0E       		.uleb128 0xe
 916 00e9 3A       		.uleb128 0x3a
 917 00ea 0B       		.uleb128 0xb
 918 00eb 3B       		.uleb128 0x3b
 919 00ec 0B       		.uleb128 0xb
 920 00ed 27       		.uleb128 0x27
 921 00ee 19       		.uleb128 0x19
 922 00ef 3C       		.uleb128 0x3c
 923 00f0 19       		.uleb128 0x19
 924 00f1 00       		.byte	0
 925 00f2 00       		.byte	0
 926 00f3 00       		.byte	0
 927              		.section	.debug_loc,"",%progbits
 928              	.Ldebug_loc0:
 929              	.LLST0:
 930 0000 00000000 		.4byte	.LVL0
 931 0004 08000000 		.4byte	.LVL2
 932 0008 0100     		.2byte	0x1
 933 000a 50       		.byte	0x50
 934 000b 08000000 		.4byte	.LVL2
 935 000f 3C000000 		.4byte	.LVL12
 936 0013 0100     		.2byte	0x1
 937 0015 55       		.byte	0x55
 938 0016 3C000000 		.4byte	.LVL12
 939 001a 3E000000 		.4byte	.LFE34
 940 001e 0400     		.2byte	0x4
ARM GAS  C:\Users\Dmytro\AppData\Local\Temp\ccSAQC5e.s 			page 19


 941 0020 F3       		.byte	0xf3
 942 0021 01       		.uleb128 0x1
 943 0022 50       		.byte	0x50
 944 0023 9F       		.byte	0x9f
 945 0024 00000000 		.4byte	0
 946 0028 00000000 		.4byte	0
 947              	.LLST1:
 948 002c 04000000 		.4byte	.LVL1
 949 0030 08000000 		.4byte	.LVL2
 950 0034 0200     		.2byte	0x2
 951 0036 37       		.byte	0x37
 952 0037 9F       		.byte	0x9f
 953 0038 08000000 		.4byte	.LVL2
 954 003c 3C000000 		.4byte	.LVL11
 955 0040 0100     		.2byte	0x1
 956 0042 54       		.byte	0x54
 957 0043 00000000 		.4byte	0
 958 0047 00000000 		.4byte	0
 959              	.LLST2:
 960 004b 00000000 		.4byte	.LVL13
 961 004f 0C000000 		.4byte	.LVL14
 962 0053 0100     		.2byte	0x1
 963 0055 50       		.byte	0x50
 964 0056 0C000000 		.4byte	.LVL14
 965 005a 2A000000 		.4byte	.LVL16
 966 005e 0100     		.2byte	0x1
 967 0060 55       		.byte	0x55
 968 0061 2A000000 		.4byte	.LVL16
 969 0065 30000000 		.4byte	.LVL17
 970 0069 0100     		.2byte	0x1
 971 006b 50       		.byte	0x50
 972 006c 30000000 		.4byte	.LVL17
 973 0070 4E000000 		.4byte	.LVL19
 974 0074 0100     		.2byte	0x1
 975 0076 55       		.byte	0x55
 976 0077 4E000000 		.4byte	.LVL19
 977 007b 54000000 		.4byte	.LVL20
 978 007f 0100     		.2byte	0x1
 979 0081 50       		.byte	0x50
 980 0082 54000000 		.4byte	.LVL20
 981 0086 72000000 		.4byte	.LVL22
 982 008a 0100     		.2byte	0x1
 983 008c 55       		.byte	0x55
 984 008d 72000000 		.4byte	.LVL22
 985 0091 78000000 		.4byte	.LVL23
 986 0095 0100     		.2byte	0x1
 987 0097 50       		.byte	0x50
 988 0098 78000000 		.4byte	.LVL23
 989 009c 94000000 		.4byte	.LVL25
 990 00a0 0100     		.2byte	0x1
 991 00a2 55       		.byte	0x55
 992 00a3 94000000 		.4byte	.LVL25
 993 00a7 96000000 		.4byte	.LFE35
 994 00ab 0400     		.2byte	0x4
 995 00ad F3       		.byte	0xf3
 996 00ae 01       		.uleb128 0x1
 997 00af 50       		.byte	0x50
ARM GAS  C:\Users\Dmytro\AppData\Local\Temp\ccSAQC5e.s 			page 20


 998 00b0 9F       		.byte	0x9f
 999 00b1 00000000 		.4byte	0
 1000 00b5 00000000 		.4byte	0
 1001              	.LLST3:
 1002 00b9 00000000 		.4byte	.LVL13
 1003 00bd 0F000000 		.4byte	.LVL15-1
 1004 00c1 0100     		.2byte	0x1
 1005 00c3 51       		.byte	0x51
 1006 00c4 0F000000 		.4byte	.LVL15-1
 1007 00c8 2A000000 		.4byte	.LVL16
 1008 00cc 0400     		.2byte	0x4
 1009 00ce F3       		.byte	0xf3
 1010 00cf 01       		.uleb128 0x1
 1011 00d0 51       		.byte	0x51
 1012 00d1 9F       		.byte	0x9f
 1013 00d2 2A000000 		.4byte	.LVL16
 1014 00d6 33000000 		.4byte	.LVL18-1
 1015 00da 0100     		.2byte	0x1
 1016 00dc 51       		.byte	0x51
 1017 00dd 33000000 		.4byte	.LVL18-1
 1018 00e1 4E000000 		.4byte	.LVL19
 1019 00e5 0400     		.2byte	0x4
 1020 00e7 F3       		.byte	0xf3
 1021 00e8 01       		.uleb128 0x1
 1022 00e9 51       		.byte	0x51
 1023 00ea 9F       		.byte	0x9f
 1024 00eb 4E000000 		.4byte	.LVL19
 1025 00ef 57000000 		.4byte	.LVL21-1
 1026 00f3 0100     		.2byte	0x1
 1027 00f5 51       		.byte	0x51
 1028 00f6 57000000 		.4byte	.LVL21-1
 1029 00fa 72000000 		.4byte	.LVL22
 1030 00fe 0400     		.2byte	0x4
 1031 0100 F3       		.byte	0xf3
 1032 0101 01       		.uleb128 0x1
 1033 0102 51       		.byte	0x51
 1034 0103 9F       		.byte	0x9f
 1035 0104 72000000 		.4byte	.LVL22
 1036 0108 7B000000 		.4byte	.LVL24-1
 1037 010c 0100     		.2byte	0x1
 1038 010e 51       		.byte	0x51
 1039 010f 7B000000 		.4byte	.LVL24-1
 1040 0113 96000000 		.4byte	.LFE35
 1041 0117 0400     		.2byte	0x4
 1042 0119 F3       		.byte	0xf3
 1043 011a 01       		.uleb128 0x1
 1044 011b 51       		.byte	0x51
 1045 011c 9F       		.byte	0x9f
 1046 011d 00000000 		.4byte	0
 1047 0121 00000000 		.4byte	0
 1048              	.LLST4:
 1049 0125 00000000 		.4byte	.LVL13
 1050 0129 0F000000 		.4byte	.LVL15-1
 1051 012d 0100     		.2byte	0x1
 1052 012f 52       		.byte	0x52
 1053 0130 0F000000 		.4byte	.LVL15-1
 1054 0134 2A000000 		.4byte	.LVL16
ARM GAS  C:\Users\Dmytro\AppData\Local\Temp\ccSAQC5e.s 			page 21


 1055 0138 0400     		.2byte	0x4
 1056 013a F3       		.byte	0xf3
 1057 013b 01       		.uleb128 0x1
 1058 013c 52       		.byte	0x52
 1059 013d 9F       		.byte	0x9f
 1060 013e 2A000000 		.4byte	.LVL16
 1061 0142 33000000 		.4byte	.LVL18-1
 1062 0146 0100     		.2byte	0x1
 1063 0148 52       		.byte	0x52
 1064 0149 33000000 		.4byte	.LVL18-1
 1065 014d 4E000000 		.4byte	.LVL19
 1066 0151 0400     		.2byte	0x4
 1067 0153 F3       		.byte	0xf3
 1068 0154 01       		.uleb128 0x1
 1069 0155 52       		.byte	0x52
 1070 0156 9F       		.byte	0x9f
 1071 0157 4E000000 		.4byte	.LVL19
 1072 015b 57000000 		.4byte	.LVL21-1
 1073 015f 0100     		.2byte	0x1
 1074 0161 52       		.byte	0x52
 1075 0162 57000000 		.4byte	.LVL21-1
 1076 0166 72000000 		.4byte	.LVL22
 1077 016a 0400     		.2byte	0x4
 1078 016c F3       		.byte	0xf3
 1079 016d 01       		.uleb128 0x1
 1080 016e 52       		.byte	0x52
 1081 016f 9F       		.byte	0x9f
 1082 0170 72000000 		.4byte	.LVL22
 1083 0174 7B000000 		.4byte	.LVL24-1
 1084 0178 0100     		.2byte	0x1
 1085 017a 52       		.byte	0x52
 1086 017b 7B000000 		.4byte	.LVL24-1
 1087 017f 96000000 		.4byte	.LFE35
 1088 0183 0400     		.2byte	0x4
 1089 0185 F3       		.byte	0xf3
 1090 0186 01       		.uleb128 0x1
 1091 0187 52       		.byte	0x52
 1092 0188 9F       		.byte	0x9f
 1093 0189 00000000 		.4byte	0
 1094 018d 00000000 		.4byte	0
 1095              	.LLST5:
 1096 0191 00000000 		.4byte	.LVL26
 1097 0195 08000000 		.4byte	.LVL28
 1098 0199 0100     		.2byte	0x1
 1099 019b 50       		.byte	0x50
 1100 019c 08000000 		.4byte	.LVL28
 1101 01a0 40000000 		.4byte	.LVL39
 1102 01a4 0100     		.2byte	0x1
 1103 01a6 55       		.byte	0x55
 1104 01a7 40000000 		.4byte	.LVL39
 1105 01ab 42000000 		.4byte	.LFE36
 1106 01af 0400     		.2byte	0x4
 1107 01b1 F3       		.byte	0xf3
 1108 01b2 01       		.uleb128 0x1
 1109 01b3 50       		.byte	0x50
 1110 01b4 9F       		.byte	0x9f
 1111 01b5 00000000 		.4byte	0
ARM GAS  C:\Users\Dmytro\AppData\Local\Temp\ccSAQC5e.s 			page 22


 1112 01b9 00000000 		.4byte	0
 1113              	.LLST6:
 1114 01bd 04000000 		.4byte	.LVL27
 1115 01c1 08000000 		.4byte	.LVL28
 1116 01c5 0200     		.2byte	0x2
 1117 01c7 37       		.byte	0x37
 1118 01c8 9F       		.byte	0x9f
 1119 01c9 08000000 		.4byte	.LVL28
 1120 01cd 3A000000 		.4byte	.LVL36
 1121 01d1 0100     		.2byte	0x1
 1122 01d3 54       		.byte	0x54
 1123 01d4 3C000000 		.4byte	.LVL37
 1124 01d8 40000000 		.4byte	.LVL38
 1125 01dc 0100     		.2byte	0x1
 1126 01de 54       		.byte	0x54
 1127 01df 00000000 		.4byte	0
 1128 01e3 00000000 		.4byte	0
 1129              		.section	.debug_aranges,"",%progbits
 1130 0000 2C000000 		.4byte	0x2c
 1131 0004 0200     		.2byte	0x2
 1132 0006 00000000 		.4byte	.Ldebug_info0
 1133 000a 04       		.byte	0x4
 1134 000b 00       		.byte	0
 1135 000c 0000     		.2byte	0
 1136 000e 0000     		.2byte	0
 1137 0010 00000000 		.4byte	.LFB34
 1138 0014 3E000000 		.4byte	.LFE34-.LFB34
 1139 0018 00000000 		.4byte	.LFB35
 1140 001c 96000000 		.4byte	.LFE35-.LFB35
 1141 0020 00000000 		.4byte	.LFB36
 1142 0024 42000000 		.4byte	.LFE36-.LFB36
 1143 0028 00000000 		.4byte	0
 1144 002c 00000000 		.4byte	0
 1145              		.section	.debug_ranges,"",%progbits
 1146              	.Ldebug_ranges0:
 1147 0000 00000000 		.4byte	.LFB34
 1148 0004 3E000000 		.4byte	.LFE34
 1149 0008 00000000 		.4byte	.LFB35
 1150 000c 96000000 		.4byte	.LFE35
 1151 0010 00000000 		.4byte	.LFB36
 1152 0014 42000000 		.4byte	.LFE36
 1153 0018 00000000 		.4byte	0
 1154 001c 00000000 		.4byte	0
 1155              		.section	.debug_line,"",%progbits
 1156              	.Ldebug_line0:
 1157 0000 06010000 		.section	.debug_str,"MS",%progbits,1
 1157      02009F00 
 1157      00000201 
 1157      FB0E0D00 
 1157      01010101 
 1158              	.LASF16:
 1159 0000 7365745F 		.ascii	"set_register\000"
 1159      72656769 
 1159      73746572 
 1159      00
 1160              	.LASF23:
 1161 000d 44617461 		.ascii	"Data_Write\000"
ARM GAS  C:\Users\Dmytro\AppData\Local\Temp\ccSAQC5e.s 			page 23


 1161      5F577269 
 1161      746500
 1162              	.LASF25:
 1163 0018 436C6F63 		.ascii	"Clock_Write\000"
 1163      6B5F5772 
 1163      69746500 
 1164              	.LASF3:
 1165 0024 73686F72 		.ascii	"short unsigned int\000"
 1165      7420756E 
 1165      7369676E 
 1165      65642069 
 1165      6E7400
 1166              	.LASF27:
 1167 0037 70776D5F 		.ascii	"pwm_Write\000"
 1167      57726974 
 1167      6500
 1168              	.LASF33:
 1169 0041 436C6F63 		.ascii	"Clock_Read\000"
 1169      6B5F5265 
 1169      616400
 1170              	.LASF17:
 1171 004c 61637469 		.ascii	"activate_motor\000"
 1171      76617465 
 1171      5F6D6F74 
 1171      6F7200
 1172              	.LASF31:
 1173 005b 2E5C6463 		.ascii	".\\dc_motor_library.c\000"
 1173      5F6D6F74 
 1173      6F725F6C 
 1173      69627261 
 1173      72792E63 
 1174              	.LASF12:
 1175 0070 666C6F61 		.ascii	"float\000"
 1175      7400
 1176              	.LASF22:
 1177 0076 636F756E 		.ascii	"counter\000"
 1177      74657200 
 1178              	.LASF1:
 1179 007e 756E7369 		.ascii	"unsigned char\000"
 1179      676E6564 
 1179      20636861 
 1179      7200
 1180              	.LASF5:
 1181 008c 6C6F6E67 		.ascii	"long unsigned int\000"
 1181      20756E73 
 1181      69676E65 
 1181      6420696E 
 1181      7400
 1182              	.LASF9:
 1183 009e 75696E74 		.ascii	"uint8\000"
 1183      3800
 1184              	.LASF13:
 1185 00a4 646F7562 		.ascii	"double\000"
 1185      6C6500
 1186              	.LASF21:
 1187 00ab 636C6561 		.ascii	"clear_motor_register\000"
 1187      725F6D6F 
ARM GAS  C:\Users\Dmytro\AppData\Local\Temp\ccSAQC5e.s 			page 24


 1187      746F725F 
 1187      72656769 
 1187      73746572 
 1188              	.LASF2:
 1189 00c0 73686F72 		.ascii	"short int\000"
 1189      7420696E 
 1189      7400
 1190              	.LASF11:
 1191 00ca 696E7438 		.ascii	"int8\000"
 1191      00
 1192              	.LASF10:
 1193 00cf 75696E74 		.ascii	"uint32\000"
 1193      333200
 1194              	.LASF24:
 1195 00d6 4669785F 		.ascii	"Fix_Write\000"
 1195      57726974 
 1195      6500
 1196              	.LASF8:
 1197 00e0 756E7369 		.ascii	"unsigned int\000"
 1197      676E6564 
 1197      20696E74 
 1197      00
 1198              	.LASF7:
 1199 00ed 6C6F6E67 		.ascii	"long long unsigned int\000"
 1199      206C6F6E 
 1199      6720756E 
 1199      7369676E 
 1199      65642069 
 1200              	.LASF20:
 1201 0104 6D6F6465 		.ascii	"mode\000"
 1201      00
 1202              	.LASF18:
 1203 0109 6D6F746F 		.ascii	"motor_values\000"
 1203      725F7661 
 1203      6C756573 
 1203      00
 1204              	.LASF19:
 1205 0116 6D6F746F 		.ascii	"motor\000"
 1205      7200
 1206              	.LASF32:
 1207 011c 433A5C55 		.ascii	"C:\\Users\\Dmytro\\Documents\\PSoC Creator\\dc_moto"
 1207      73657273 
 1207      5C446D79 
 1207      74726F5C 
 1207      446F6375 
 1208 014a 725C4465 		.ascii	"r\\Design01.cydsn\000"
 1208      7369676E 
 1208      30312E63 
 1208      7964736E 
 1208      00
 1209              	.LASF15:
 1210 015b 73697A65 		.ascii	"sizetype\000"
 1210      74797065 
 1210      00
 1211              	.LASF6:
 1212 0164 6C6F6E67 		.ascii	"long long int\000"
 1212      206C6F6E 
ARM GAS  C:\Users\Dmytro\AppData\Local\Temp\ccSAQC5e.s 			page 25


 1212      6720696E 
 1212      7400
 1213              	.LASF14:
 1214 0172 63686172 		.ascii	"char\000"
 1214      00
 1215              	.LASF29:
 1216 0177 70776D33 		.ascii	"pwm3_Write\000"
 1216      5F577269 
 1216      746500
 1217              	.LASF30:
 1218 0182 474E5520 		.ascii	"GNU C 4.9.3 20150303 (release) [ARM/embedded-4_9-br"
 1218      4320342E 
 1218      392E3320 
 1218      32303135 
 1218      30333033 
 1219 01b5 616E6368 		.ascii	"anch revision 221220] -mcpu=cortex-m0 -mthumb -g -O"
 1219      20726576 
 1219      6973696F 
 1219      6E203232 
 1219      31323230 
 1220 01e8 67202D66 		.ascii	"g -ffunction-sections -ffat-lto-objects\000"
 1220      66756E63 
 1220      74696F6E 
 1220      2D736563 
 1220      74696F6E 
 1221              	.LASF28:
 1222 0210 70776D32 		.ascii	"pwm2_Write\000"
 1222      5F577269 
 1222      746500
 1223              	.LASF34:
 1224 021b 70776D34 		.ascii	"pwm4_Write\000"
 1224      5F577269 
 1224      746500
 1225              	.LASF4:
 1226 0226 6C6F6E67 		.ascii	"long int\000"
 1226      20696E74 
 1226      00
 1227              	.LASF0:
 1228 022f 7369676E 		.ascii	"signed char\000"
 1228      65642063 
 1228      68617200 
 1229              	.LASF26:
 1230 023b 43794465 		.ascii	"CyDelay\000"
 1230      6C617900 
 1231              		.ident	"GCC: (GNU Tools for ARM Embedded Processors) 4.9.3 20150303 (release) [ARM/embedded-4_9-br
